<?xml version="1.0" encoding="UTF-8"?>
<!-- Generated by org.testng.reporters.JUnitReportReporter -->
<testsuite skipped="0" hostname="Toshiba-PC" name="OnlineShopping.AmazonShoeShopping" tests="1" failures="0" timestamp="19 Nov 2020 20:18:22 GMT" time="52.334" errors="0">
  <testcase name="shoeShoppingProcess" time="52.334" classname="OnlineShopping.AmazonShoeShopping"/>
</testsuite> <!-- OnlineShopping.AmazonShoeShopping -->
