<?xml version="1.0" encoding="UTF-8"?>
<!-- Generated by org.testng.reporters.JUnitReportReporter -->
<testsuite skipped="0" hostname="Toshiba-PC" name="tests.amazon.AmazonTestPage" tests="1" failures="0" timestamp="21 Nov 2020 19:06:55 GMT" time="38.934" errors="0">
  <testcase name="shoeSelection" time="38.934" classname="tests.amazon.AmazonTestPage"/>
</testsuite> <!-- tests.amazon.AmazonTestPage -->
